<?xml version="1.0" encoding="UTF-8"?>
<!-- Generated by org.testng.reporters.JUnitReportReporter -->
<testsuite hostname="DESKTOP-C036CLP" failures="0" tests="1" name="api.test.LoginTest" time="1.847" errors="0" timestamp="2025-01-12T14:53:18 IST" skipped="0">
  <testcase classname="api.test.LoginTest" name="login" time="1.847"/>
</testsuite> <!-- api.test.LoginTest -->
