<?xml version="1.0" encoding="UTF-8"?>
<!-- Generated by org.testng.reporters.JUnitReportReporter -->
<testsuite hostname="DESKTOP-C036CLP" failures="0" tests="1" name="api.test.AuthenticationTest" time="1.941" errors="0" timestamp="2025-01-12T19:23:15 IST" skipped="0">
  <testcase classname="api.test.AuthenticationTest" name="forgotPassword" time="1.941"/>
</testsuite> <!-- api.test.AuthenticationTest -->
