<?xml version="1.0" encoding="UTF-8"?>
<!-- Generated by org.testng.reporters.JUnitReportReporter -->
<testsuite hostname="DESKTOP-C036CLP" failures="0" tests="2" name="api.test.UserManagementTest" time="0.545" errors="0" timestamp="2025-01-18T18:04:15 IST" skipped="0">
  <testcase classname="api.test.UserManagementTest" name="updateProfileTest" time="0.306"/>
  <testcase classname="api.test.UserManagementTest" name="getProfileTest" time="0.239"/>
</testsuite> <!-- api.test.UserManagementTest -->
