<?xml version="1.0" encoding="UTF-8"?>
<!-- Generated by org.testng.reporters.JUnitReportReporter -->
<testsuite hostname="DESKTOP-C036CLP" failures="0" tests="1" name="api.test.AuthenticationTest" time="1.197" errors="0" timestamp="2025-01-12T17:42:45 IST" skipped="0">
  <testcase classname="api.test.AuthenticationTest" name="createAccount" time="1.197"/>
</testsuite> <!-- api.test.AuthenticationTest -->
