<?xml version="1.0" encoding="UTF-8"?>
<!-- Generated by org.testng.reporters.JUnitReportReporter -->
<testsuite hostname="DESKTOP-C036CLP" failures="0" tests="4" name="api.test.AuthenticationTest" time="2.390" errors="0" timestamp="2025-01-18T18:04:15 IST" skipped="0">
  <testcase classname="api.test.AuthenticationTest" name="login" time="0.215"/>
  <testcase classname="api.test.AuthenticationTest" name="resetPassword" time="0.147"/>
  <testcase classname="api.test.AuthenticationTest" name="createAccount" time="1.416"/>
  <testcase classname="api.test.AuthenticationTest" name="forgotPassword" time="0.612"/>
</testsuite> <!-- api.test.AuthenticationTest -->
