<?xml version="1.0" encoding="UTF-8"?>
<!-- Generated by org.testng.reporters.JUnitReportReporter -->
<testsuite hostname="DESKTOP-C036CLP" failures="0" tests="1" name="api.test.UserManagementTest" time="1.735" errors="0" timestamp="2025-01-18T15:18:23 IST" skipped="0">
  <testcase classname="api.test.UserManagementTest" name="updateProfileTest" time="1.735"/>
</testsuite> <!-- api.test.UserManagementTest -->
